# JRE version: OpenJDK Runtime Environment Temurin-17+35 (17.0+35) (build 17+35)
# Java VM: OpenJDK 64-Bit Server VM Temurin-17+35 (17+35, mixed mode, emulated-client, tiered, compressed oops, compressed class ptrs, g1 gc, windows-amd64)
GC Precious Log:
 CPUs: 8 total, 8 available
 Memory: 16265M
 Large Page Support: Disabled
 NUMA Support: Disabled
 Compressed Oops: Enabled (Zero based)
 Heap Region Size: 2M
 Heap Min Capacity: 8M
 Heap Initial Capacity: 256M
 Heap Max Capacity: 4068M
 Pre-touch: Disabled
 Parallel Workers: 8
 Concurrent Workers: 2
 Concurrent Refinement Workers: 8
 Periodic GC: Disabled
Heap:
 garbage-first heap   total 122880K, used 73066K [0x0000000701c00000, 0x0000000800000000)
  region size 2048K, 23 young (47104K), 5 survivors (10240K)
 Metaspace       used 74532K, committed 75008K, reserved 1114112K
  class space    used 10123K, committed 10368K, reserved 1048576K
GC Heap History (20 events):
Event: 3.074 GC heap before
{Heap before GC invocations=10 (full 0):
 garbage-first heap   total 69632K, used 51246K [0x0000000701c00000, 0x0000000800000000)
  region size 2048K, 20 young (40960K), 3 survivors (6144K)
 Metaspace       used 38664K, committed 39040K, reserved 1089536K
  class space    used 4870K, committed 5056K, reserved 1048576K
}
Event: 3.084 GC heap after
{Heap after GC invocations=11 (full 0):
 garbage-first heap   total 69632K, used 18092K [0x0000000701c00000, 0x0000000800000000)
  region size 2048K, 1 young (2048K), 1 survivors (2048K)
 Metaspace       used 38664K, committed 39040K, reserved 1089536K
  class space    used 4870K, committed 5056K, reserved 1048576K
}
Event: 3.105 GC heap before
{Heap before GC invocations=11 (full 0):
 garbage-first heap   total 69632K, used 18092K [0x0000000701c00000, 0x0000000800000000)
  region size 2048K, 2 young (4096K), 1 survivors (2048K)
 Metaspace       used 38881K, committed 39232K, reserved 1089536K
  class space    used 4891K, committed 5056K, reserved 1048576K
}
Event: 3.109 GC heap after
{Heap after GC invocations=12 (full 0):
 garbage-first heap   total 69632K, used 18909K [0x0000000701c00000, 0x0000000800000000)
  region size 2048K, 1 young (2048K), 1 survivors (2048K)
 Metaspace       used 38881K, committed 39232K, reserved 1089536K
  class space    used 4891K, committed 5056K, reserved 1048576K
}
Event: 3.138 GC heap before
{Heap before GC invocations=12 (full 0):
 garbage-first heap   total 69632K, used 49629K [0x0000000701c00000, 0x0000000800000000)
  region size 2048K, 17 young (34816K), 1 survivors (2048K)
 Metaspace       used 39124K, committed 39488K, reserved 1089536K
  class space    used 4912K, committed 5056K, reserved 1048576K
}
Event: 3.139 GC heap after
{Heap after GC invocations=13 (full 0):
 garbage-first heap   total 110592K, used 18747K [0x0000000701c00000, 0x0000000800000000)
  region size 2048K, 1 young (2048K), 1 survivors (2048K)
 Metaspace       used 39124K, committed 39488K, reserved 1089536K
  class space    used 4912K, committed 5056K, reserved 1048576K
}
Event: 3.556 GC heap before
{Heap before GC invocations=13 (full 0):
 garbage-first heap   total 110592K, used 80187K [0x0000000701c00000, 0x0000000800000000)
  region size 2048K, 32 young (65536K), 1 survivors (2048K)
 Metaspace       used 42480K, committed 42880K, reserved 1089536K
  class space    used 5310K, committed 5504K, reserved 1048576K
}
Event: 3.559 GC heap after
{Heap after GC invocations=14 (full 0):
 garbage-first heap   total 110592K, used 20070K [0x0000000701c00000, 0x0000000800000000)
  region size 2048K, 1 young (2048K), 1 survivors (2048K)
 Metaspace       used 42480K, committed 42880K, reserved 1089536K
  class space    used 5310K, committed 5504K, reserved 1048576K
}
Event: 3.977 GC heap before
{Heap before GC invocations=14 (full 0):
 garbage-first heap   total 110592K, used 83558K [0x0000000701c00000, 0x0000000800000000)
  region size 2048K, 32 young (65536K), 1 survivors (2048K)
 Metaspace       used 48579K, committed 48960K, reserved 1097728K
  class space    used 6297K, committed 6464K, reserved 1048576K
}
Event: 3.980 GC heap after
{Heap after GC invocations=15 (full 0):
 garbage-first heap   total 110592K, used 22365K [0x0000000701c00000, 0x0000000800000000)
  region size 2048K, 2 young (4096K), 2 survivors (4096K)
 Metaspace       used 48579K, committed 48960K, reserved 1097728K
  class space    used 6297K, committed 6464K, reserved 1048576K
}
Event: 4.357 GC heap before
{Heap before GC invocations=15 (full 0):
 garbage-first heap   total 110592K, used 83805K [0x0000000701c00000, 0x0000000800000000)
  region size 2048K, 32 young (65536K), 2 survivors (4096K)
 Metaspace       used 54592K, committed 54976K, reserved 1097728K
  class space    used 7201K, committed 7360K, reserved 1048576K
}
Event: 4.362 GC heap after
{Heap after GC invocations=16 (full 0):
 garbage-first heap   total 110592K, used 23487K [0x0000000701c00000, 0x0000000800000000)
  region size 2048K, 3 young (6144K), 3 survivors (6144K)
 Metaspace       used 54592K, committed 54976K, reserved 1097728K
  class space    used 7201K, committed 7360K, reserved 1048576K
}
Event: 4.764 GC heap before
{Heap before GC invocations=16 (full 0):
 garbage-first heap   total 110592K, used 78783K [0x0000000701c00000, 0x0000000800000000)
  region size 2048K, 31 young (63488K), 3 survivors (6144K)
 Metaspace       used 59713K, committed 60096K, reserved 1105920K
  class space    used 7936K, committed 8128K, reserved 1048576K
}
Event: 4.770 GC heap after
{Heap after GC invocations=17 (full 0):
 garbage-first heap   total 110592K, used 25528K [0x0000000701c00000, 0x0000000800000000)
  region size 2048K, 3 young (6144K), 3 survivors (6144K)
 Metaspace       used 59713K, committed 60096K, reserved 1105920K
  class space    used 7936K, committed 8128K, reserved 1048576K
}
Event: 5.198 GC heap before
{Heap before GC invocations=18 (full 0):
 garbage-first heap   total 102400K, used 80824K [0x0000000701c00000, 0x0000000800000000)
  region size 2048K, 30 young (61440K), 3 survivors (6144K)
 Metaspace       used 63193K, committed 63616K, reserved 1105920K
  class space    used 8506K, committed 8704K, reserved 1048576K
}
Event: 5.203 GC heap after
{Heap after GC invocations=19 (full 0):
 garbage-first heap   total 102400K, used 27900K [0x0000000701c00000, 0x0000000800000000)
  region size 2048K, 3 young (6144K), 3 survivors (6144K)
 Metaspace       used 63193K, committed 63616K, reserved 1105920K
  class space    used 8506K, committed 8704K, reserved 1048576K
}
Event: 5.986 GC heap before
{Heap before GC invocations=19 (full 0):
 garbage-first heap   total 102400K, used 81148K [0x0000000701c00000, 0x0000000800000000)
  region size 2048K, 29 young (59392K), 3 survivors (6144K)
 Metaspace       used 67111K, committed 67584K, reserved 1114112K
  class space    used 9080K, committed 9344K, reserved 1048576K
}
Event: 5.993 GC heap after
{Heap after GC invocations=20 (full 0):
 garbage-first heap   total 122880K, used 32330K [0x0000000701c00000, 0x0000000800000000)
  region size 2048K, 4 young (8192K), 4 survivors (8192K)
 Metaspace       used 67111K, committed 67584K, reserved 1114112K
  class space    used 9080K, committed 9344K, reserved 1048576K
}
Event: 31.169 GC heap before
{Heap before GC invocations=20 (full 0):
 garbage-first heap   total 122880K, used 93770K [0x0000000701c00000, 0x0000000800000000)
  region size 2048K, 35 young (71680K), 4 survivors (8192K)
 Metaspace       used 72180K, committed 72576K, reserved 1114112K
  class space    used 9769K, committed 9984K, reserved 1048576K
}
Event: 31.176 GC heap after
{Heap after GC invocations=21 (full 0):
 garbage-first heap   total 122880K, used 38250K [0x0000000701c00000, 0x0000000800000000)
  region size 2048K, 5 young (10240K), 5 survivors (10240K)
 Metaspace       used 72180K, committed 72576K, reserved 1114112K
  class space    used 9769K, committed 9984K, reserved 1048576K
}

