-------------------------------------------------------------------------------
Test set: com.rest.ems.EmsTaskServiceApplicationTests
-------------------------------------------------------------------------------
Tests run: 1, Failures: 0, Errors: 1, Skipped: 0, Time elapsed: 0.381 s <<< FAILURE! - in com.rest.ems.EmsTaskServiceApplicationTests
com.rest.ems.EmsTaskServiceApplicationTests  Time elapsed: 0.379 s  <<< ERROR!
java.lang.IllegalStateException: Unable to find a @SpringBootConfiguration, you need to use @ContextConfiguration or @SpringBootTest(classes=...) with your test

